1553855931843	mozrunner::runner	INFO	Running command: "/usr/bin/firefox" "-marionette" "-foreground" "-no-remote" "-profile" "/tmp/rust_mozprofile.psK5qLrLHY9m"
1553855934709	Marionette	INFO	Listening on port 33293
1553855934760	Marionette	WARN	TLS certificate errors will be ignored for this session
console.log: Accessibility service init or shutdown observer does not exist.
*** UTM:SVC TimerManager:registerTimer called after profile-before-change notification. Ignoring timer registration for id: telemetry_modules_ping
1553855968137	mozrunner::runner	INFO	Running command: "/usr/bin/firefox" "-marionette" "-foreground" "-no-remote" "-profile" "/tmp/rust_mozprofile.BHeBb85n8wwI"
1553855970219	Marionette	INFO	Listening on port 45943
1553855970255	Marionette	WARN	TLS certificate errors will be ignored for this session
console.log: Accessibility service init or shutdown observer does not exist.
*** UTM:SVC TimerManager:registerTimer called after profile-before-change notification. Ignoring timer registration for id: telemetry_modules_ping
1553856008492	mozrunner::runner	INFO	Running command: "/usr/bin/firefox" "-marionette" "-foreground" "-no-remote" "-profile" "/tmp/rust_mozprofile.sIHPMhkpQ9Sd"
1553856010479	Marionette	INFO	Listening on port 39611
1553856010506	Marionette	WARN	TLS certificate errors will be ignored for this session
console.warn: LoginRecipes: getRecipes: falling back to a synchronous message for: https://www.dba.dk
console.warn: LoginRecipes: getRecipes: falling back to a synchronous message for: https://www.dba.dk
console.log: Accessibility service init or shutdown observer does not exist.
*** UTM:SVC TimerManager:registerTimer called after profile-before-change notification. Ignoring timer registration for id: telemetry_modules_ping
1553856106405	mozrunner::runner	INFO	Running command: "/usr/bin/firefox" "-marionette" "-foreground" "-no-remote" "-profile" "/tmp/rust_mozprofile.GS3GoiFrGjKX"
1553856108483	Marionette	INFO	Listening on port 44359
1553856108520	Marionette	WARN	TLS certificate errors will be ignored for this session
JavaScript warning: https://cdn.bluebillywig.com/apps/player/20190327.164559/player.js, line 1: unreachable code after return statement
ATTENTION: default value of option force_s3tc_enable overridden by environment.
console.log: Accessibility service init or shutdown observer does not exist.
*** UTM:SVC TimerManager:registerTimer called after profile-before-change notification. Ignoring timer registration for id: telemetry_modules_ping
1553856501417	mozrunner::runner	INFO	Running command: "/usr/bin/firefox" "-marionette" "-foreground" "-no-remote" "-profile" "/tmp/rust_mozprofile.FdMnwR8RW5SG"
1553856503383	Marionette	INFO	Listening on port 34981
1553856503435	Marionette	WARN	TLS certificate errors will be ignored for this session
JavaScript warning: https://cdn.bluebillywig.com/apps/player/20190327.164559/player.js, line 1: unreachable code after return statement
ATTENTION: default value of option force_s3tc_enable overridden by environment.
JavaScript warning: https://cdn.bluebillywig.com/apps/player/20190327.164559/player.js line 285 > eval, line 1: unreachable code after return statement
console.log: Accessibility service init or shutdown observer does not exist.
*** UTM:SVC TimerManager:registerTimer called after profile-before-change notification. Ignoring timer registration for id: telemetry_modules_ping
1553856641393	mozrunner::runner	INFO	Running command: "/usr/bin/firefox" "-marionette" "-foreground" "-no-remote" "-profile" "/tmp/rust_mozprofile.padCtagK7pCL"
1553856643634	Marionette	INFO	Listening on port 46593
1553856643707	Marionette	WARN	TLS certificate errors will be ignored for this session
JavaScript warning: https://cdn.bluebillywig.com/apps/player/20190327.164559/player.js, line 1: unreachable code after return statement
ATTENTION: default value of option force_s3tc_enable overridden by environment.
JavaScript warning: https://cdn.bluebillywig.com/apps/player/20190327.164559/player.js line 285 > eval, line 1: unreachable code after return statement
console.log: Accessibility service init or shutdown observer does not exist.
*** UTM:SVC TimerManager:registerTimer called after profile-before-change notification. Ignoring timer registration for id: telemetry_modules_ping
1553856744688	mozrunner::runner	INFO	Running command: "/usr/bin/firefox" "-marionette" "-foreground" "-no-remote" "-profile" "/tmp/rust_mozprofile.Rt9ShtVkvgaq"
1553856746625	Marionette	INFO	Listening on port 45205
1553856746698	Marionette	WARN	TLS certificate errors will be ignored for this session
console.log: Accessibility service init or shutdown observer does not exist.
[Parent 9276, Gecko_IOThread] WARNING: pipe error (98): Connection reset by peer: file /build/firefox-esr-itlWhx/firefox-esr-60.5.1esr/ipc/chromium/src/chrome/common/ipc_channel_posix.cc, line 342
*** UTM:SVC TimerManager:registerTimer called after profile-before-change notification. Ignoring timer registration for id: telemetry_modules_ping
1553856787844	mozrunner::runner	INFO	Running command: "/usr/bin/firefox" "-marionette" "-foreground" "-no-remote" "-profile" "/tmp/rust_mozprofile.DoEHI9ZsF7lz"
1553856789797	Marionette	INFO	Listening on port 38571
1553856789854	Marionette	WARN	TLS certificate errors will be ignored for this session
JavaScript warning: https://cdn.bluebillywig.com/apps/player/20190327.164559/player.js, line 1: unreachable code after return statement
ATTENTION: default value of option force_s3tc_enable overridden by environment.
JavaScript warning: https://cdn.bluebillywig.com/apps/player/20190327.164559/player.js line 285 > eval, line 1: unreachable code after return statement
console.log: Accessibility service init or shutdown observer does not exist.
*** UTM:SVC TimerManager:registerTimer called after profile-before-change notification. Ignoring timer registration for id: telemetry_modules_ping
1553857095606	mozrunner::runner	INFO	Running command: "/usr/bin/firefox" "-marionette" "-foreground" "-no-remote" "-profile" "/tmp/rust_mozprofile.iyPX5OAyq7Af"
1553857097692	Marionette	INFO	Listening on port 44797
1553857097730	Marionette	WARN	TLS certificate errors will be ignored for this session
JavaScript warning: https://cdn.bluebillywig.com/apps/player/20190327.164559/player.js, line 1: unreachable code after return statement
ATTENTION: default value of option force_s3tc_enable overridden by environment.
JavaScript warning: https://cdn.bluebillywig.com/apps/player/20190327.164559/player.js line 285 > eval, line 1: unreachable code after return statement
console.log: Accessibility service init or shutdown observer does not exist.
[Parent 9768, Gecko_IOThread] WARNING: pipe error (97): Connection reset by peer: file /build/firefox-esr-itlWhx/firefox-esr-60.5.1esr/ipc/chromium/src/chrome/common/ipc_channel_posix.cc, line 342
*** UTM:SVC TimerManager:registerTimer called after profile-before-change notification. Ignoring timer registration for id: telemetry_modules_ping
1553857129074	mozrunner::runner	INFO	Running command: "/usr/bin/firefox" "-marionette" "-foreground" "-no-remote" "-profile" "/tmp/rust_mozprofile.k03X9oVIX4z2"
1553857131209	Marionette	INFO	Listening on port 40231
1553857131296	Marionette	WARN	TLS certificate errors will be ignored for this session
JavaScript warning: https://cdn.bluebillywig.com/apps/player/20190327.164559/player.js, line 1: unreachable code after return statement
ATTENTION: default value of option force_s3tc_enable overridden by environment.
JavaScript warning: https://cdn.bluebillywig.com/apps/player/20190327.164559/player.js line 285 > eval, line 1: unreachable code after return statement
JavaScript warning: https://cdn.bluebillywig.com/apps/player/20190327.164559/player.js, line 1: unreachable code after return statement
JavaScript warning: https://cdn.bluebillywig.com/apps/player/20190327.164559/player.js line 285 > eval, line 1: unreachable code after return statement
console.log: Accessibility service init or shutdown observer does not exist.
1553857357005	mozrunner::runner	INFO	Running command: "/usr/bin/firefox" "-marionette" "-foreground" "-no-remote" "-profile" "/tmp/rust_mozprofile.YRho0WwE2FyS"
1553857359202	Marionette	INFO	Listening on port 43385
1553857359219	Marionette	WARN	TLS certificate errors will be ignored for this session
JavaScript warning: https://cdn.bluebillywig.com/apps/player/20190327.164559/player.js, line 1: unreachable code after return statement
ATTENTION: default value of option force_s3tc_enable overridden by environment.
JavaScript warning: https://cdn.bluebillywig.com/apps/player/20190327.164559/player.js line 285 > eval, line 1: unreachable code after return statement
console.log: Accessibility service init or shutdown observer does not exist.
*** UTM:SVC TimerManager:registerTimer called after profile-before-change notification. Ignoring timer registration for id: telemetry_modules_ping
1553857413937	mozrunner::runner	INFO	Running command: "/usr/bin/firefox" "-marionette" "-foreground" "-no-remote" "-profile" "/tmp/rust_mozprofile.EThPbfcaneUh"
1553857416048	Marionette	INFO	Listening on port 42409
1553857416157	Marionette	WARN	TLS certificate errors will be ignored for this session
JavaScript warning: https://cdn.bluebillywig.com/apps/player/20190327.164559/player.js, line 1: unreachable code after return statement
ATTENTION: default value of option force_s3tc_enable overridden by environment.
JavaScript warning: https://cdn.bluebillywig.com/apps/player/20190327.164559/player.js line 285 > eval, line 1: unreachable code after return statement
JavaScript warning: https://cdn.bluebillywig.com/apps/player/20190327.164559/player.js, line 1: unreachable code after return statement
JavaScript warning: https://betterbannerscloud.com/static/common/jquery-1.9.1.min.js, line 1: Using //@ to indicate sourceMappingURL pragmas is deprecated. Use //# instead
JavaScript warning: https://betterbannerscloud.com/static/common/jquery-1.9.1.min.js, line 1: Using //@ to indicate sourceMappingURL pragmas is deprecated. Use //# instead
JavaScript warning: https://cdn.bluebillywig.com/apps/player/20190327.164559/player.js line 285 > eval, line 1: unreachable code after return statement
JavaScript warning: https://cdn.bluebillywig.com/apps/player/20190327.164559/player.js, line 1: unreachable code after return statement
JavaScript warning: https://cdn.bluebillywig.com/apps/player/20190327.164559/player.js line 285 > eval, line 1: unreachable code after return statement
console.log: Accessibility service init or shutdown observer does not exist.
[Parent 11337, Gecko_IOThread] WARNING: pipe error (98): Connection reset by peer: file /build/firefox-esr-itlWhx/firefox-esr-60.5.1esr/ipc/chromium/src/chrome/common/ipc_channel_posix.cc, line 342
1553857729530	mozrunner::runner	INFO	Running command: "/usr/bin/firefox" "-marionette" "-foreground" "-no-remote" "-profile" "/tmp/rust_mozprofile.Jpz0Vv1zQvHw"
1553857731529	Marionette	INFO	Listening on port 34785
1553857731544	Marionette	WARN	TLS certificate errors will be ignored for this session
JavaScript warning: https://cdn.bluebillywig.com/apps/player/20190327.164559/player.js, line 1: unreachable code after return statement
ATTENTION: default value of option force_s3tc_enable overridden by environment.
JavaScript warning: https://cdn.bluebillywig.com/apps/player/20190327.164559/player.js line 285 > eval, line 1: unreachable code after return statement
JavaScript warning: https://cdn.bluebillywig.com/apps/player/20190327.164559/player.js, line 1: unreachable code after return statement
JavaScript warning: https://cdn.bluebillywig.com/apps/player/20190327.164559/player.js line 285 > eval, line 1: unreachable code after return statement
JavaScript warning: https://cdn.bluebillywig.com/apps/player/20190327.164559/player.js, line 1: unreachable code after return statement
console.log: Accessibility service init or shutdown observer does not exist.
*** UTM:SVC TimerManager:registerTimer called after profile-before-change notification. Ignoring timer registration for id: telemetry_modules_ping
1553859266735	mozrunner::runner	INFO	Running command: "/usr/bin/firefox" "-marionette" "-foreground" "-no-remote" "-profile" "/tmp/rust_mozprofile.3qXe3UpgoRby"
1553859269584	Marionette	INFO	Listening on port 39087
1553859269647	Marionette	WARN	TLS certificate errors will be ignored for this session
console.log: Accessibility service init or shutdown observer does not exist.
JavaScript error: https://www.dba.dk/bundle/js/88ce43cd2a913993df0e5c43521f6715?v=AjgCnyrqxMDQrkVyZA7vOdNHgd8CLdgUprkSy6bycmg1, line 1: TypeError: o is null
JavaScript error: https://www.dba.dk/bundle/js/88ce43cd2a913993df0e5c43521f6715?v=AjgCnyrqxMDQrkVyZA7vOdNHgd8CLdgUprkSy6bycmg1, line 1: TypeError: o is null
JavaScript error: https://www.dba.dk/bundle/js/88ce43cd2a913993df0e5c43521f6715?v=AjgCnyrqxMDQrkVyZA7vOdNHgd8CLdgUprkSy6bycmg1, line 1: TypeError: o is null
JavaScript error: https://www.dba.dk/bundle/js/88ce43cd2a913993df0e5c43521f6715?v=AjgCnyrqxMDQrkVyZA7vOdNHgd8CLdgUprkSy6bycmg1, line 1: TypeError: o is null
JavaScript error: https://cdn.userreport.com/userreport.js, line 166: NS_ERROR_NOT_INITIALIZED: 
*** UTM:SVC TimerManager:registerTimer called after profile-before-change notification. Ignoring timer registration for id: telemetry_modules_ping
1553859574847	mozrunner::runner	INFO	Running command: "/usr/bin/firefox" "-marionette" "-foreground" "-no-remote" "-profile" "/tmp/rust_mozprofile.NBosG2TEbGkL"
1553859577020	Marionette	INFO	Listening on port 33939
1553859577064	Marionette	WARN	TLS certificate errors will be ignored for this session
JavaScript warning: https://cdn.bluebillywig.com/apps/player/20190327.164559/player.js, line 1: unreachable code after return statement
ATTENTION: default value of option force_s3tc_enable overridden by environment.
JavaScript warning: https://cdn.bluebillywig.com/apps/player/20190327.164559/player.js line 285 > eval, line 1: unreachable code after return statement
JavaScript warning: https://cdn.bluebillywig.com/apps/player/20190327.164559/player.js, line 1: unreachable code after return statement
JavaScript warning: https://betterbannerscloud.com/static/common/jquery-1.9.1.min.js, line 1: Using //@ to indicate sourceMappingURL pragmas is deprecated. Use //# instead
JavaScript warning: https://betterbannerscloud.com/static/common/jquery-1.9.1.min.js, line 1: Using //@ to indicate sourceMappingURL pragmas is deprecated. Use //# instead
JavaScript warning: https://cdn.bluebillywig.com/apps/player/20190327.164559/player.js line 285 > eval, line 1: unreachable code after return statement
JavaScript warning: https://cdn.bluebillywig.com/apps/player/20190327.164559/player.js, line 1: unreachable code after return statement
console.log: Accessibility service init or shutdown observer does not exist.
[Parent 4337, Gecko_IOThread] WARNING: pipe error (99): Connection reset by peer: file /build/firefox-esr-itlWhx/firefox-esr-60.5.1esr/ipc/chromium/src/chrome/common/ipc_channel_posix.cc, line 342
*** UTM:SVC TimerManager:registerTimer called after profile-before-change notification. Ignoring timer registration for id: telemetry_modules_ping
1553859658976	mozrunner::runner	INFO	Running command: "/usr/bin/firefox" "-marionette" "-foreground" "-no-remote" "-profile" "/tmp/rust_mozprofile.6tosjtQwU8M6"
1553859660961	Marionette	INFO	Listening on port 33285
1553859660988	Marionette	WARN	TLS certificate errors will be ignored for this session
JavaScript warning: https://cdn.bluebillywig.com/apps/player/20190327.164559/player.js, line 1: unreachable code after return statement
ATTENTION: default value of option force_s3tc_enable overridden by environment.
JavaScript warning: https://cdn.bluebillywig.com/apps/player/20190327.164559/player.js line 285 > eval, line 1: unreachable code after return statement
JavaScript warning: https://cdn.bluebillywig.com/apps/player/20190327.164559/player.js, line 1: unreachable code after return statement
JavaScript warning: https://cdn.bluebillywig.com/apps/player/20190327.164559/player.js line 285 > eval, line 1: unreachable code after return statement
JavaScript warning: https://cdn.bluebillywig.com/apps/player/20190327.164559/player.js, line 1: unreachable code after return statement
JavaScript warning: https://cdn.bluebillywig.com/apps/player/20190327.164559/player.js line 285 > eval, line 1: unreachable code after return statement
console.log: Accessibility service init or shutdown observer does not exist.
*** UTM:SVC TimerManager:registerTimer called after profile-before-change notification. Ignoring timer registration for id: telemetry_modules_ping
1554031623415	mozrunner::runner	INFO	Running command: "/Applications/Firefox.app/Contents/MacOS/firefox-bin" "-marionette" "-foreground" "-no-remote" "-profile" "/var/folders/wv/nrxdp71d5zj_bwv3bvwqxstw0000gn/T/rust_mozprofile.u7Ov0dbM18jH"
1554031624258	addons.webextension.screenshots@mozilla.org	WARN	Loading extension 'screenshots@mozilla.org': Reading manifest: Invalid extension permission: mozillaAddons
1554031624258	addons.webextension.screenshots@mozilla.org	WARN	Loading extension 'screenshots@mozilla.org': Reading manifest: Invalid extension permission: resource://pdf.js/
1554031624258	addons.webextension.screenshots@mozilla.org	WARN	Loading extension 'screenshots@mozilla.org': Reading manifest: Invalid extension permission: about:reader*
1554031626039	Marionette	INFO	Listening on port 50785
1554031626090	Marionette	WARN	TLS certificate errors will be ignored for this session
JavaScript warning: https://cdn.bluebillywig.com/apps/player/20190327.164559/player.js, line 1: unreachable code after return statement
JavaScript warning: https://cdn.bluebillywig.com/apps/player/20190327.164559/player.js line 285 > eval, line 1: unreachable code after return statement
1554031633268	Marionette	WARN	TimedPromise timed out after 500 ms: stacktrace:
bail@chrome://marionette/content/sync.js:224:64
JavaScript warning: https://cdn.bluebillywig.com/apps/player/20190327.164559/player.js, line 1: unreachable code after return statement
JavaScript warning: https://cdn.bluebillywig.com/apps/player/20190327.164559/player.js, line 1: unreachable code after return statement
console.error: BroadcastService: 
  receivedBroadcastMessage: handler for
  remote-settings/monitor_changes
  threw error:
  Message: Error: Polling for changes failed: NetworkError when attempting to fetch resource..
  Stack:
    remoteSettingsFunction/remoteSettings.pollChanges@resource://services-settings/remote-settings.js:190:13

JavaScript warning: https://cdn.bluebillywig.com/apps/player/20190327.164559/player.js line 285 > eval, line 1: unreachable code after return statement
1554032937634	mozrunner::runner	INFO	Running command: "/Applications/Firefox.app/Contents/MacOS/firefox-bin" "-marionette" "-foreground" "-no-remote" "-profile" "/var/folders/wv/nrxdp71d5zj_bwv3bvwqxstw0000gn/T/rust_mozprofile.bxTCZwqZqXC8"
1554032938361	addons.webextension.screenshots@mozilla.org	WARN	Loading extension 'screenshots@mozilla.org': Reading manifest: Invalid extension permission: mozillaAddons
1554032938361	addons.webextension.screenshots@mozilla.org	WARN	Loading extension 'screenshots@mozilla.org': Reading manifest: Invalid extension permission: resource://pdf.js/
1554032938361	addons.webextension.screenshots@mozilla.org	WARN	Loading extension 'screenshots@mozilla.org': Reading manifest: Invalid extension permission: about:reader*
1554032939818	Marionette	INFO	Listening on port 51478
1554032939879	Marionette	WARN	TLS certificate errors will be ignored for this session
JavaScript warning: https://cdn.bluebillywig.com/apps/player/20190327.164559/player.js, line 1: unreachable code after return statement
JavaScript warning: https://cdn.bluebillywig.com/apps/player/20190327.164559/player.js line 285 > eval, line 1: unreachable code after return statement
JavaScript warning: https://cdn.bluebillywig.com/apps/player/20190327.164559/player.js, line 1: unreachable code after return statement
JavaScript error: , line 0: InvalidStateError: An attempt was made to use an object that is not, or is no longer, usable
JavaScript warning: https://cdn.bluebillywig.com/apps/player/20190327.164559/player.js, line 1: unreachable code after return statement
1554033196590	mozrunner::runner	INFO	Running command: "/Applications/Firefox.app/Contents/MacOS/firefox-bin" "-marionette" "-foreground" "-no-remote" "-profile" "/var/folders/wv/nrxdp71d5zj_bwv3bvwqxstw0000gn/T/rust_mozprofile.0KFturpjFmAY"
1554033197309	addons.webextension.screenshots@mozilla.org	WARN	Loading extension 'screenshots@mozilla.org': Reading manifest: Invalid extension permission: mozillaAddons
1554033197310	addons.webextension.screenshots@mozilla.org	WARN	Loading extension 'screenshots@mozilla.org': Reading manifest: Invalid extension permission: resource://pdf.js/
1554033197310	addons.webextension.screenshots@mozilla.org	WARN	Loading extension 'screenshots@mozilla.org': Reading manifest: Invalid extension permission: about:reader*
1554033198933	Marionette	INFO	Listening on port 52058
1554033198973	Marionette	WARN	TLS certificate errors will be ignored for this session
JavaScript warning: https://cdn.bluebillywig.com/apps/player/20190327.164559/player.js, line 1: unreachable code after return statement
JavaScript warning: https://cdn.bluebillywig.com/apps/player/20190327.164559/player.js line 285 > eval, line 1: unreachable code after return statement
JavaScript warning: https://cdn.bluebillywig.com/apps/player/20190327.164559/player.js, line 1: unreachable code after return statement
JavaScript warning: https://cdn.bluebillywig.com/apps/player/20190327.164559/player.js, line 1: unreachable code after return statement
1554033289073	mozrunner::runner	INFO	Running command: "/Applications/Firefox.app/Contents/MacOS/firefox-bin" "-marionette" "-foreground" "-no-remote" "-profile" "/var/folders/wv/nrxdp71d5zj_bwv3bvwqxstw0000gn/T/rust_mozprofile.iUDCdhYMMuZB"
1554033290235	addons.webextension.screenshots@mozilla.org	WARN	Loading extension 'screenshots@mozilla.org': Reading manifest: Invalid extension permission: mozillaAddons
1554033290236	addons.webextension.screenshots@mozilla.org	WARN	Loading extension 'screenshots@mozilla.org': Reading manifest: Invalid extension permission: resource://pdf.js/
1554033290236	addons.webextension.screenshots@mozilla.org	WARN	Loading extension 'screenshots@mozilla.org': Reading manifest: Invalid extension permission: about:reader*
1554033291794	Marionette	INFO	Listening on port 52578
1554033291884	Marionette	WARN	TLS certificate errors will be ignored for this session
JavaScript warning: https://cdn.bluebillywig.com/apps/player/20190327.164559/player.js, line 1: unreachable code after return statement
JavaScript warning: https://cdn.bluebillywig.com/apps/player/20190327.164559/player.js line 285 > eval, line 1: unreachable code after return statement
JavaScript warning: https://cdn.bluebillywig.com/apps/player/20190327.164559/player.js, line 1: unreachable code after return statement
JavaScript warning: https://cdn.bluebillywig.com/apps/player/20190327.164559/player.js line 285 > eval, line 1: unreachable code after return statement
JavaScript warning: https://cdn.bluebillywig.com/apps/player/20190327.164559/player.js, line 1: unreachable code after return statement
console.error: BroadcastService: 
  receivedBroadcastMessage: handler for
  remote-settings/monitor_changes
  threw error:
  Message: Error: Polling for changes failed: NetworkError when attempting to fetch resource..
  Stack:
    remoteSettingsFunction/remoteSettings.pollChanges@resource://services-settings/remote-settings.js:190:13

console.error: BroadcastService: 
  receivedBroadcastMessage: handler for
  remote-settings/monitor_changes
  threw error:
  Message: Error: Polling for changes failed: NetworkError when attempting to fetch resource..
  Stack:
    remoteSettingsFunction/remoteSettings.pollChanges@resource://services-settings/remote-settings.js:190:13

console.error: BroadcastService: 
  receivedBroadcastMessage: handler for
  remote-settings/monitor_changes
  threw error:
  Message: Error: Polling for changes failed: NetworkError when attempting to fetch resource..
  Stack:
    remoteSettingsFunction/remoteSettings.pollChanges@resource://services-settings/remote-settings.js:190:13

JavaScript warning: https://cdn.bluebillywig.com/apps/player/20190327.164559/player.js line 285 > eval, line 1: unreachable code after return statement
1554034267617	mozrunner::runner	INFO	Running command: "/Applications/Firefox.app/Contents/MacOS/firefox-bin" "-marionette" "-foreground" "-no-remote" "-profile" "/var/folders/wv/nrxdp71d5zj_bwv3bvwqxstw0000gn/T/rust_mozprofile.HAQ1M4dlLfSs"
1554034268926	addons.webextension.screenshots@mozilla.org	WARN	Loading extension 'screenshots@mozilla.org': Reading manifest: Invalid extension permission: mozillaAddons
1554034268927	addons.webextension.screenshots@mozilla.org	WARN	Loading extension 'screenshots@mozilla.org': Reading manifest: Invalid extension permission: resource://pdf.js/
1554034268927	addons.webextension.screenshots@mozilla.org	WARN	Loading extension 'screenshots@mozilla.org': Reading manifest: Invalid extension permission: about:reader*
1554034270850	Marionette	INFO	Listening on port 53214
1554034270924	Marionette	WARN	TLS certificate errors will be ignored for this session
console.error: BroadcastService: 
  receivedBroadcastMessage: handler for
  remote-settings/monitor_changes
  threw error:
  Message: Error: Polling for changes failed: NetworkError when attempting to fetch resource..
  Stack:
    remoteSettingsFunction/remoteSettings.pollChanges@resource://services-settings/remote-settings.js:190:13

JavaScript error: resource://gre/modules/WebProgressChild.jsm, line 61: TypeError: this.mm.content is null
IPDL protocol error: Handler returned error code!

###!!! [Parent][DispatchAsyncMessage] Error: PLayerTransaction::Msg_ReleaseLayer Processing error: message was deserialized, but the handler returned false (indicating failure)

IPDL protocol error: Handler returned error code!

###!!! [Parent][DispatchAsyncMessage] Error: PLayerTransaction::Msg_ReleaseLayer Processing error: message was deserialized, but the handler returned false (indicating failure)

IPDL protocol error: Handler returned error code!

###!!! [Parent][DispatchAsyncMessage] Error: PLayerTransaction::Msg_ReleaseLayer Processing error: message was deserialized, but the handler returned false (indicating failure)

IPDL protocol error: Handler returned error code!

###!!! [Parent][DispatchAsyncMessage] Error: PLayerTransaction::Msg_ReleaseLayer Processing error: message was deserialized, but the handler returned false (indicating failure)

IPDL protocol error: Handler returned error code!

###!!! [Parent][DispatchAsyncMessage] Error: PLayerTransaction::Msg_ReleaseLayer Processing error: message was deserialized, but the handler returned false (indicating failure)

IPDL protocol error: Handler returned error code!

###!!! [Parent][DispatchAsyncMessage] Error: PLayerTransaction::Msg_ReleaseLayer Processing error: message was deserialized, but the handler returned false (indicating failure)

IPDL protocol error: Handler returned error code!

###!!! [Parent][DispatchAsyncMessage] Error: PLayerTransaction::Msg_ReleaseLayer Processing error: message was deserialized, but the handler returned false (indicating failure)

IPDL protocol error: Handler returned error code!

###!!! [Parent][DispatchAsyncMessage] Error: PLayerTransaction::Msg_ReleaseLayer Processing error: message was deserialized, but the handler returned false (indicating failure)

IPDL protocol error: Handler returned error code!

###!!! [Parent][DispatchAsyncMessage] Error: PLayerTransaction::Msg_ReleaseLayer Processing error: message was deserialized, but the handler returned false (indicating failure)

IPDL protocol error: Handler returned error code!

###!!! [Parent][DispatchAsyncMessage] Error: PLayerTransaction::Msg_ReleaseLayer Processing error: message was deserialized, but the handler returned false (indicating failure)

IPDL protocol error: Handler returned error code!

###!!! [Parent][DispatchAsyncMessage] Error: PLayerTransaction::Msg_ReleaseLayer Processing error: message was deserialized, but the handler returned false (indicating failure)

IPDL protocol error: Handler returned error code!

###!!! [Parent][DispatchAsyncMessage] Error: PLayerTransaction::Msg_ReleaseLayer Processing error: message was deserialized, but the handler returned false (indicating failure)

IPDL protocol error: Handler returned error code!

###!!! [Parent][DispatchAsyncMessage] Error: PLayerTransaction::Msg_ReleaseLayer Processing error: message was deserialized, but the handler returned false (indicating failure)

IPDL protocol error: Handler returned error code!

###!!! [Parent][DispatchAsyncMessage] Error: PLayerTransaction::Msg_ReleaseLayer Processing error: message was deserialized, but the handler returned false (indicating failure)

IPDL protocol error: Handler returned error code!

###!!! [Parent][DispatchAsyncMessage] Error: PLayerTransaction::Msg_ReleaseLayer Processing error: message was deserialized, but the handler returned false (indicating failure)

IPDL protocol error: Handler returned error code!

###!!! [Parent][DispatchAsyncMessage] Error: PLayerTransaction::Msg_ReleaseLayer Processing error: message was deserialized, but the handler returned false (indicating failure)

IPDL protocol error: Handler returned error code!

###!!! [Parent][DispatchAsyncMessage] Error: PLayerTransaction::Msg_ReleaseLayer Processing error: message was deserialized, but the handler returned false (indicating failure)

IPDL protocol error: Handler returned error code!

###!!! [Parent][DispatchAsyncMessage] Error: PLayerTransaction::Msg_ReleaseLayer Processing error: message was deserialized, but the handler returned false (indicating failure)

IPDL protocol error: Handler returned error code!

###!!! [Parent][DispatchAsyncMessage] Error: PLayerTransaction::Msg_ReleaseLayer Processing error: message was deserialized, but the handler returned false (indicating failure)

IPDL protocol error: Handler returned error code!

###!!! [Parent][DispatchAsyncMessage] Error: PLayerTransaction::Msg_ReleaseLayer Processing error: message was deserialized, but the handler returned false (indicating failure)

IPDL protocol error: Handler returned error code!

###!!! [Parent][DispatchAsyncMessage] Error: PLayerTransaction::Msg_ReleaseLayer Processing error: message was deserialized, but the handler returned false (indicating failure)

IPDL protocol error: Handler returned error code!

###!!! [Parent][DispatchAsyncMessage] Error: PLayerTransaction::Msg_ReleaseLayer Processing error: message was deserialized, but the handler returned false (indicating failure)

IPDL protocol error: Handler returned error code!

###!!! [Parent][DispatchAsyncMessage] Error: PLayerTransaction::Msg_ReleaseLayer Processing error: message was deserialized, but the handler returned false (indicating failure)

IPDL protocol error: Handler returned error code!

###!!! [Parent][DispatchAsyncMessage] Error: PLayerTransaction::Msg_ReleaseLayer Processing error: message was deserialized, but the handler returned false (indicating failure)

IPDL protocol error: Handler returned error code!

###!!! [Parent][DispatchAsyncMessage] Error: PLayerTransaction::Msg_ReleaseLayer Processing error: message was deserialized, but the handler returned false (indicating failure)

IPDL protocol error: Handler returned error code!

###!!! [Parent][DispatchAsyncMessage] Error: PLayerTransaction::Msg_ReleaseLayer Processing error: message was deserialized, but the handler returned false (indicating failure)

IPDL protocol error: Handler returned error code!

###!!! [Parent][DispatchAsyncMessage] Error: PLayerTransaction::Msg_ReleaseLayer Processing error: message was deserialized, but the handler returned false (indicating failure)

IPDL protocol error: Handler returned error code!

###!!! [Parent][DispatchAsyncMessage] Error: PLayerTransaction::Msg_ReleaseLayer Processing error: message was deserialized, but the handler returned false (indicating failure)

IPDL protocol error: Handler returned error code!

###!!! [Parent][DispatchAsyncMessage] Error: PLayerTransaction::Msg_ReleaseLayer Processing error: message was deserialized, but the handler returned false (indicating failure)

A content process crashed and MOZ_CRASHREPORTER_SHUTDOWN is set, shutting down
1554034394667	Marionette	INFO	Stopped listening on port 53214
1554034426838	mozrunner::runner	INFO	Running command: "/Applications/Firefox.app/Contents/MacOS/firefox-bin" "-marionette" "-foreground" "-no-remote" "-profile" "/var/folders/wv/nrxdp71d5zj_bwv3bvwqxstw0000gn/T/rust_mozprofile.YbThXskM0yJC"
1554034427363	addons.webextension.screenshots@mozilla.org	WARN	Loading extension 'screenshots@mozilla.org': Reading manifest: Invalid extension permission: mozillaAddons
1554034427364	addons.webextension.screenshots@mozilla.org	WARN	Loading extension 'screenshots@mozilla.org': Reading manifest: Invalid extension permission: resource://pdf.js/
1554034427364	addons.webextension.screenshots@mozilla.org	WARN	Loading extension 'screenshots@mozilla.org': Reading manifest: Invalid extension permission: about:reader*
1554034428773	Marionette	INFO	Listening on port 53507
1554034428798	Marionette	WARN	TLS certificate errors will be ignored for this session
JavaScript warning: https://cdn.bluebillywig.com/apps/player/20190327.164559/player.js, line 1: unreachable code after return statement
1554034434987	Marionette	WARN	TimedPromise timed out after 500 ms: stacktrace:
bail@chrome://marionette/content/sync.js:224:64
JavaScript warning: https://cdn.bluebillywig.com/apps/player/20190327.164559/player.js line 285 > eval, line 1: unreachable code after return statement
JavaScript warning: https://cdn.bluebillywig.com/apps/player/20190327.164559/player.js, line 1: unreachable code after return statement
JavaScript warning: https://cdn.bluebillywig.com/apps/player/20190327.164559/player.js, line 1: unreachable code after return statement
console.error: BroadcastService: 
  receivedBroadcastMessage: handler for
  remote-settings/monitor_changes
  threw error:
  Message: Error: Polling for changes failed: NetworkError when attempting to fetch resource..
  Stack:
    remoteSettingsFunction/remoteSettings.pollChanges@resource://services-settings/remote-settings.js:190:13

1554035519057	mozrunner::runner	INFO	Running command: "/Applications/Firefox.app/Contents/MacOS/firefox-bin" "-marionette" "-foreground" "-no-remote" "-profile" "/var/folders/wv/nrxdp71d5zj_bwv3bvwqxstw0000gn/T/rust_mozprofile.Brv0lJBESPZU"
1554035519680	addons.webextension.screenshots@mozilla.org	WARN	Loading extension 'screenshots@mozilla.org': Reading manifest: Invalid extension permission: mozillaAddons
1554035519680	addons.webextension.screenshots@mozilla.org	WARN	Loading extension 'screenshots@mozilla.org': Reading manifest: Invalid extension permission: resource://pdf.js/
1554035519680	addons.webextension.screenshots@mozilla.org	WARN	Loading extension 'screenshots@mozilla.org': Reading manifest: Invalid extension permission: about:reader*
1554035521167	Marionette	INFO	Listening on port 54336
1554035521223	Marionette	WARN	TLS certificate errors will be ignored for this session
JavaScript warning: https://cdn.bluebillywig.com/apps/player/20190327.164559/player.js, line 1: unreachable code after return statement
JavaScript warning: https://cdn.bluebillywig.com/apps/player/20190327.164559/player.js line 285 > eval, line 1: unreachable code after return statement
JavaScript warning: https://cdn.bluebillywig.com/apps/player/20190327.164559/player.js, line 1: unreachable code after return statement
JavaScript warning: https://cdn.bluebillywig.com/apps/player/20190327.164559/player.js, line 1: unreachable code after return statement
console.error: BroadcastService: 
  receivedBroadcastMessage: handler for
  remote-settings/monitor_changes
  threw error:
  Message: Error: Polling for changes failed: NetworkError when attempting to fetch resource..
  Stack:
    remoteSettingsFunction/remoteSettings.pollChanges@resource://services-settings/remote-settings.js:190:13

JavaScript warning: https://cdn.bluebillywig.com/apps/player/20190327.164559/player.js line 285 > eval, line 1: unreachable code after return statement
1554035947416	mozrunner::runner	INFO	Running command: "/Applications/Firefox.app/Contents/MacOS/firefox-bin" "-marionette" "-foreground" "-no-remote" "-profile" "/var/folders/wv/nrxdp71d5zj_bwv3bvwqxstw0000gn/T/rust_mozprofile.PJMNQm9l8Bqr"
1554035948074	addons.webextension.screenshots@mozilla.org	WARN	Loading extension 'screenshots@mozilla.org': Reading manifest: Invalid extension permission: mozillaAddons
1554035948074	addons.webextension.screenshots@mozilla.org	WARN	Loading extension 'screenshots@mozilla.org': Reading manifest: Invalid extension permission: resource://pdf.js/
1554035948075	addons.webextension.screenshots@mozilla.org	WARN	Loading extension 'screenshots@mozilla.org': Reading manifest: Invalid extension permission: about:reader*
1554035949614	Marionette	INFO	Listening on port 55033
1554035949662	Marionette	WARN	TLS certificate errors will be ignored for this session
JavaScript warning: https://cdn.bluebillywig.com/apps/player/20190327.164559/player.js, line 1: unreachable code after return statement
1554035955467	Marionette	WARN	TimedPromise timed out after 500 ms: stacktrace:
bail@chrome://marionette/content/sync.js:224:64
JavaScript warning: https://cdn.bluebillywig.com/apps/player/20190327.164559/player.js line 285 > eval, line 1: unreachable code after return statement
JavaScript warning: https://cdn.bluebillywig.com/apps/player/20190327.164559/player.js, line 1: unreachable code after return statement
JavaScript warning: https://cdn.bluebillywig.com/apps/player/20190327.164559/player.js, line 1: unreachable code after return statement
JavaScript warning: https://cdn.bluebillywig.com/apps/player/20190327.164559/player.js line 285 > eval, line 1: unreachable code after return statement
console.error: BroadcastService: 
  receivedBroadcastMessage: handler for
  remote-settings/monitor_changes
  threw error:
  Message: Error: Polling for changes failed: NetworkError when attempting to fetch resource..
  Stack:
    remoteSettingsFunction/remoteSettings.pollChanges@resource://services-settings/remote-settings.js:190:13

JavaScript warning: https://cdn.bluebillywig.com/apps/player/20190327.164559/player.js, line 1: unreachable code after return statement
JavaScript warning: https://cdn.bluebillywig.com/apps/player/20190327.164559/player.js line 285 > eval, line 1: unreachable code after return statement

###!!! [Child][RunMessage] Error: Channel closing: too late to send/recv, messages will be lost


###!!! [Child][RunMessage] Error: Channel closing: too late to send/recv, messages will be lost


###!!! [Child][RunMessage] Error: Channel closing: too late to send/recv, messages will be lost


###!!! [Child][RunMessage] Error: Channel closing: too late to send/recv, messages will be lost


###!!! [Child][RunMessage] Error: Channel closing: too late to send/recv, messages will be lost


###!!! [Child][RunMessage] Error: Channel closing: too late to send/recv, messages will be lost

JavaScript error: resource://gre/modules/WebProgressChild.jsm, line 61: TypeError: this.mm.content is null
1554037439256	Marionette	INFO	Stopped listening on port 50785
1554037442068	Marionette	INFO	Stopped listening on port 51478
1554037443454	Marionette	INFO	Stopped listening on port 52058
1554037444721	Marionette	INFO	Stopped listening on port 52578
1554037445877	Marionette	INFO	Stopped listening on port 53507
1554037446992	Marionette	INFO	Stopped listening on port 54336
1554037448246	Marionette	INFO	Stopped listening on port 55033
1554037466127	mozrunner::runner	INFO	Running command: "/Applications/Firefox.app/Contents/MacOS/firefox-bin" "-marionette" "-foreground" "-no-remote" "-profile" "/var/folders/wv/nrxdp71d5zj_bwv3bvwqxstw0000gn/T/rust_mozprofile.Td94y7Xg5oZt"
1554037466633	addons.webextension.screenshots@mozilla.org	WARN	Loading extension 'screenshots@mozilla.org': Reading manifest: Invalid extension permission: mozillaAddons
1554037466633	addons.webextension.screenshots@mozilla.org	WARN	Loading extension 'screenshots@mozilla.org': Reading manifest: Invalid extension permission: resource://pdf.js/
1554037466634	addons.webextension.screenshots@mozilla.org	WARN	Loading extension 'screenshots@mozilla.org': Reading manifest: Invalid extension permission: about:reader*
1554037468015	Marionette	INFO	Listening on port 56044
1554037468070	Marionette	WARN	TLS certificate errors will be ignored for this session
JavaScript warning: https://cdn.bluebillywig.com/apps/player/20190327.164559/player.js, line 1: unreachable code after return statement
1554037473895	Marionette	WARN	TimedPromise timed out after 500 ms: stacktrace:
bail@chrome://marionette/content/sync.js:224:64
JavaScript warning: https://cdn.bluebillywig.com/apps/player/20190327.164559/player.js line 285 > eval, line 1: unreachable code after return statement
JavaScript warning: https://cdn.bluebillywig.com/apps/player/20190327.164559/player.js, line 1: unreachable code after return statement
JavaScript warning: https://cdn.bluebillywig.com/apps/player/20190327.164559/player.js, line 1: unreachable code after return statement
console.error: BroadcastService: 
  receivedBroadcastMessage: handler for
  remote-settings/monitor_changes
  threw error:
  Message: Error: Polling for changes failed: NetworkError when attempting to fetch resource..
  Stack:
    remoteSettingsFunction/remoteSettings.pollChanges@resource://services-settings/remote-settings.js:190:13

JavaScript error: resource://gre/modules/WebProgressChild.jsm, line 61: TypeError: this.mm.content is null
1554038167101	Marionette	INFO	Stopped listening on port 56044
1554038184869	mozrunner::runner	INFO	Running command: "/Applications/Firefox.app/Contents/MacOS/firefox-bin" "-marionette" "-foreground" "-no-remote" "-profile" "/var/folders/wv/nrxdp71d5zj_bwv3bvwqxstw0000gn/T/rust_mozprofile.0ShhzvokzgaN"
1554038185412	addons.webextension.screenshots@mozilla.org	WARN	Loading extension 'screenshots@mozilla.org': Reading manifest: Invalid extension permission: mozillaAddons
1554038185412	addons.webextension.screenshots@mozilla.org	WARN	Loading extension 'screenshots@mozilla.org': Reading manifest: Invalid extension permission: resource://pdf.js/
1554038185412	addons.webextension.screenshots@mozilla.org	WARN	Loading extension 'screenshots@mozilla.org': Reading manifest: Invalid extension permission: about:reader*
1554038186784	Marionette	INFO	Listening on port 56777
1554038186826	Marionette	WARN	TLS certificate errors will be ignored for this session
1554038193672	Marionette	WARN	TimedPromise timed out after 500 ms: stacktrace:
bail@chrome://marionette/content/sync.js:224:64
JavaScript warning: https://cdn.bluebillywig.com/apps/player/20190327.164559/player.js, line 1: unreachable code after return statement
JavaScript warning: https://cdn.bluebillywig.com/apps/player/20190327.164559/player.js line 285 > eval, line 1: unreachable code after return statement
JavaScript warning: https://betterbannerscloud.com/static/common/jquery-1.9.1.min.js, line 2: Using //@ to indicate sourceMappingURL pragmas is deprecated. Use //# instead
JavaScript warning: https://betterbannerscloud.com/static/common/jquery-1.9.1.min.js, line 2: Using //@ to indicate sourceMappingURL pragmas is deprecated. Use //# instead
1554038215880	mozrunner::runner	INFO	Running command: "/Applications/Firefox.app/Contents/MacOS/firefox-bin" "-marionette" "-foreground" "-no-remote" "-profile" "/var/folders/wv/nrxdp71d5zj_bwv3bvwqxstw0000gn/T/rust_mozprofile.Msq99HMtZ8mM"
1554038216432	addons.webextension.screenshots@mozilla.org	WARN	Loading extension 'screenshots@mozilla.org': Reading manifest: Invalid extension permission: mozillaAddons
1554038216432	addons.webextension.screenshots@mozilla.org	WARN	Loading extension 'screenshots@mozilla.org': Reading manifest: Invalid extension permission: resource://pdf.js/
1554038216432	addons.webextension.screenshots@mozilla.org	WARN	Loading extension 'screenshots@mozilla.org': Reading manifest: Invalid extension permission: about:reader*
1554038218251	Marionette	INFO	Listening on port 57101
1554038218277	Marionette	WARN	TLS certificate errors will be ignored for this session
JavaScript warning: https://cdn.bluebillywig.com/apps/player/20190327.164559/player.js, line 1: unreachable code after return statement
JavaScript warning: https://cdn.bluebillywig.com/apps/player/20190327.164559/player.js line 285 > eval, line 1: unreachable code after return statement
1554038226736	Marionette	WARN	TimedPromise timed out after 500 ms: stacktrace:
bail@chrome://marionette/content/sync.js:224:64
JavaScript warning: https://cdn.bluebillywig.com/apps/player/20190327.164559/player.js, line 1: unreachable code after return statement
JavaScript warning: https://cdn.bluebillywig.com/apps/player/20190327.164559/player.js line 285 > eval, line 1: unreachable code after return statement
JavaScript warning: https://cdn.bluebillywig.com/apps/player/20190327.164559/player.js, line 1: unreachable code after return statement
JavaScript warning: https://cdn.bluebillywig.com/apps/player/20190327.164559/player.js line 285 > eval, line 1: unreachable code after return statement
console.error: BroadcastService: 
  receivedBroadcastMessage: handler for
  remote-settings/monitor_changes
  threw error:
  Message: Error: Polling for changes failed: NetworkError when attempting to fetch resource..
  Stack:
    remoteSettingsFunction/remoteSettings.pollChanges@resource://services-settings/remote-settings.js:190:13

console.error: BroadcastService: 
  receivedBroadcastMessage: handler for
  remote-settings/monitor_changes
  threw error:
  Message: Error: Polling for changes failed: NetworkError when attempting to fetch resource..
  Stack:
    remoteSettingsFunction/remoteSettings.pollChanges@resource://services-settings/remote-settings.js:190:13

1554038419801	Marionette	INFO	Stopped listening on port 57101
1554038420525	Marionette	INFO	Stopped listening on port 56777
1554038437130	mozrunner::runner	INFO	Running command: "/Applications/Firefox.app/Contents/MacOS/firefox-bin" "-marionette" "-foreground" "-no-remote" "-profile" "/var/folders/wv/nrxdp71d5zj_bwv3bvwqxstw0000gn/T/rust_mozprofile.13EEk9MRI8Ko"
1554038437718	addons.webextension.screenshots@mozilla.org	WARN	Loading extension 'screenshots@mozilla.org': Reading manifest: Invalid extension permission: mozillaAddons
1554038437718	addons.webextension.screenshots@mozilla.org	WARN	Loading extension 'screenshots@mozilla.org': Reading manifest: Invalid extension permission: resource://pdf.js/
1554038437718	addons.webextension.screenshots@mozilla.org	WARN	Loading extension 'screenshots@mozilla.org': Reading manifest: Invalid extension permission: about:reader*
1554038439130	Marionette	INFO	Listening on port 57803
1554038439190	Marionette	WARN	TLS certificate errors will be ignored for this session
JavaScript warning: https://cdn.bluebillywig.com/apps/player/20190327.164559/player.js, line 1: unreachable code after return statement
1554038445758	Marionette	WARN	TimedPromise timed out after 500 ms: stacktrace:
bail@chrome://marionette/content/sync.js:224:64
JavaScript warning: https://cdn.bluebillywig.com/apps/player/20190327.164559/player.js line 285 > eval, line 1: unreachable code after return statement
JavaScript warning: https://cdn.bluebillywig.com/apps/player/20190327.164559/player.js, line 1: unreachable code after return statement
JavaScript warning: https://cdn.bluebillywig.com/apps/player/20190327.164559/player.js, line 1: unreachable code after return statement
console.error: BroadcastService: 
  receivedBroadcastMessage: handler for
  remote-settings/monitor_changes
  threw error:
  Message: Error: Polling for changes failed: NetworkError when attempting to fetch resource..
  Stack:
    remoteSettingsFunction/remoteSettings.pollChanges@resource://services-settings/remote-settings.js:190:13

JavaScript warning: https://cdn.bluebillywig.com/apps/player/20190327.164559/player.js line 285 > eval, line 1: unreachable code after return statement
1554046378411	mozrunner::runner	INFO	Running command: "/Applications/Firefox.app/Contents/MacOS/firefox-bin" "-marionette" "-foreground" "-no-remote" "-profile" "/var/folders/wv/nrxdp71d5zj_bwv3bvwqxstw0000gn/T/rust_mozprofile.Is40x5ugAfBG"
1554046379008	addons.webextension.screenshots@mozilla.org	WARN	Loading extension 'screenshots@mozilla.org': Reading manifest: Invalid extension permission: mozillaAddons
1554046379008	addons.webextension.screenshots@mozilla.org	WARN	Loading extension 'screenshots@mozilla.org': Reading manifest: Invalid extension permission: resource://pdf.js/
1554046379008	addons.webextension.screenshots@mozilla.org	WARN	Loading extension 'screenshots@mozilla.org': Reading manifest: Invalid extension permission: about:reader*
1554046380550	Marionette	INFO	Listening on port 59822
1554046380581	Marionette	WARN	TLS certificate errors will be ignored for this session
JavaScript warning: https://cdn.bluebillywig.com/apps/player/20190327.164559/player.js, line 1: unreachable code after return statement
console.error: BroadcastService: 
  receivedBroadcastMessage: handler for
  remote-settings/monitor_changes
  threw error:
  Message: Error: Polling for changes failed: NetworkError when attempting to fetch resource..
  Stack:
    remoteSettingsFunction/remoteSettings.pollChanges@resource://services-settings/remote-settings.js:190:13

1554046734459	Marionette	INFO	Stopped listening on port 59822
1554046736378	Marionette	INFO	Stopped listening on port 57803
1554047108140	mozrunner::runner	INFO	Running command: "/Applications/Firefox.app/Contents/MacOS/firefox-bin" "-marionette" "-foreground" "-no-remote" "-profile" "/var/folders/wv/nrxdp71d5zj_bwv3bvwqxstw0000gn/T/rust_mozprofile.3gX2g6rxK2A0"
1554047108696	addons.webextension.screenshots@mozilla.org	WARN	Loading extension 'screenshots@mozilla.org': Reading manifest: Invalid extension permission: mozillaAddons
1554047108697	addons.webextension.screenshots@mozilla.org	WARN	Loading extension 'screenshots@mozilla.org': Reading manifest: Invalid extension permission: resource://pdf.js/
1554047108697	addons.webextension.screenshots@mozilla.org	WARN	Loading extension 'screenshots@mozilla.org': Reading manifest: Invalid extension permission: about:reader*
1554047110067	Marionette	INFO	Listening on port 60296
1554047110103	Marionette	WARN	TLS certificate errors will be ignored for this session
1554047118081	Marionette	WARN	TimedPromise timed out after 500 ms: stacktrace:
bail@chrome://marionette/content/sync.js:224:64
JavaScript warning: https://cdn.bluebillywig.com/apps/player/20190327.164559/player.js, line 1: unreachable code after return statement
JavaScript warning: https://cdn.bluebillywig.com/apps/player/20190327.164559/player.js line 285 > eval, line 1: unreachable code after return statement
JavaScript warning: https://cdn.bluebillywig.com/apps/player/20190327.164559/player.js, line 1: unreachable code after return statement
JavaScript warning: https://cdn.bluebillywig.com/apps/player/20190327.164559/player.js, line 1: unreachable code after return statement
console.error: BroadcastService: 
  receivedBroadcastMessage: handler for
  remote-settings/monitor_changes
  threw error:
  Message: Error: Polling for changes failed: NetworkError when attempting to fetch resource..
  Stack:
    remoteSettingsFunction/remoteSettings.pollChanges@resource://services-settings/remote-settings.js:190:13

1554048010087	mozrunner::runner	INFO	Running command: "/Applications/Firefox.app/Contents/MacOS/firefox-bin" "-marionette" "-foreground" "-no-remote" "-profile" "/var/folders/wv/nrxdp71d5zj_bwv3bvwqxstw0000gn/T/rust_mozprofile.Zz5VUX7fg55r"
1554048010637	addons.webextension.screenshots@mozilla.org	WARN	Loading extension 'screenshots@mozilla.org': Reading manifest: Invalid extension permission: mozillaAddons
1554048010638	addons.webextension.screenshots@mozilla.org	WARN	Loading extension 'screenshots@mozilla.org': Reading manifest: Invalid extension permission: resource://pdf.js/
1554048010638	addons.webextension.screenshots@mozilla.org	WARN	Loading extension 'screenshots@mozilla.org': Reading manifest: Invalid extension permission: about:reader*
1554048012269	Marionette	INFO	Listening on port 61122
1554048012333	Marionette	WARN	TLS certificate errors will be ignored for this session
JavaScript warning: https://cdn.bluebillywig.com/apps/player/20190327.164559/player.js, line 1: unreachable code after return statement
JavaScript warning: https://cdn.bluebillywig.com/apps/player/20190327.164559/player.js line 285 > eval, line 1: unreachable code after return statement
JavaScript warning: https://cdn.bluebillywig.com/apps/player/20190327.164559/player.js, line 1: unreachable code after return statement
JavaScript warning: https://cdn.bluebillywig.com/apps/player/20190327.164559/player.js line 285 > eval, line 1: unreachable code after return statement
JavaScript warning: https://cdn.bluebillywig.com/apps/player/20190327.164559/player.js, line 1: unreachable code after return statement
console.error: BroadcastService: 
  receivedBroadcastMessage: handler for
  remote-settings/monitor_changes
  threw error:
  Message: Error: Polling for changes failed: NetworkError when attempting to fetch resource..
  Stack:
    remoteSettingsFunction/remoteSettings.pollChanges@resource://services-settings/remote-settings.js:190:13

1554048120788	mozrunner::runner	INFO	Running command: "/Applications/Firefox.app/Contents/MacOS/firefox-bin" "-marionette" "-foreground" "-no-remote" "-profile" "/var/folders/wv/nrxdp71d5zj_bwv3bvwqxstw0000gn/T/rust_mozprofile.vtO5Onc6YuQA"
1554048121591	addons.webextension.screenshots@mozilla.org	WARN	Loading extension 'screenshots@mozilla.org': Reading manifest: Invalid extension permission: mozillaAddons
1554048121591	addons.webextension.screenshots@mozilla.org	WARN	Loading extension 'screenshots@mozilla.org': Reading manifest: Invalid extension permission: resource://pdf.js/
1554048121591	addons.webextension.screenshots@mozilla.org	WARN	Loading extension 'screenshots@mozilla.org': Reading manifest: Invalid extension permission: about:reader*
1554048123095	Marionette	INFO	Listening on port 61626
1554048123163	Marionette	WARN	TLS certificate errors will be ignored for this session
JavaScript warning: https://cdn.bluebillywig.com/apps/player/20190327.164559/player.js, line 1: unreachable code after return statement
JavaScript warning: https://cdn.bluebillywig.com/apps/player/20190327.164559/player.js line 285 > eval, line 1: unreachable code after return statement
JavaScript warning: https://cdn.bluebillywig.com/apps/player/20190327.164559/player.js, line 1: unreachable code after return statement
JavaScript warning: https://cdn.bluebillywig.com/apps/player/20190327.164559/player.js, line 1: unreachable code after return statement
1554048160279	Marionette	INFO	Stopped listening on port 61626
JavaScript warning: https://cdn.bluebillywig.com/apps/player/20190327.164559/player.js line 285 > eval, line 1: unreachable code after return statement
JavaScript warning: https://betterbannerscloud.com/static/common/jquery-1.9.1.min.js, line 2: Using //@ to indicate sourceMappingURL pragmas is deprecated. Use //# instead
JavaScript warning: https://betterbannerscloud.com/static/common/jquery-1.9.1.min.js, line 2: Using //@ to indicate sourceMappingURL pragmas is deprecated. Use //# instead
JavaScript warning: https://betterbannerscloud.com/static/common/jquery-1.9.1.min.js, line 2: Using //@ to indicate sourceMappingURL pragmas is deprecated. Use //# instead
JavaScript warning: https://betterbannerscloud.com/static/common/jquery-1.9.1.min.js, line 2: Using //@ to indicate sourceMappingURL pragmas is deprecated. Use //# instead
JavaScript warning: https://betterbannerscloud.com/static/common/jquery-1.9.1.min.js, line 2: Using //@ to indicate sourceMappingURL pragmas is deprecated. Use //# instead
JavaScript warning: https://betterbannerscloud.com/static/common/jquery-1.9.1.min.js, line 2: Using //@ to indicate sourceMappingURL pragmas is deprecated. Use //# instead
1554054570182	mozrunner::runner	INFO	Running command: "/Applications/Firefox.app/Contents/MacOS/firefox-bin" "-marionette" "-foreground" "-no-remote" "-profile" "/var/folders/wv/nrxdp71d5zj_bwv3bvwqxstw0000gn/T/rust_mozprofile.ON9qf4Hw5lQG"
1554054570883	addons.webextension.screenshots@mozilla.org	WARN	Loading extension 'screenshots@mozilla.org': Reading manifest: Invalid extension permission: mozillaAddons
1554054570884	addons.webextension.screenshots@mozilla.org	WARN	Loading extension 'screenshots@mozilla.org': Reading manifest: Invalid extension permission: resource://pdf.js/
1554054570884	addons.webextension.screenshots@mozilla.org	WARN	Loading extension 'screenshots@mozilla.org': Reading manifest: Invalid extension permission: about:reader*
1554054572579	Marionette	INFO	Listening on port 63686
1554054572655	Marionette	WARN	TLS certificate errors will be ignored for this session
JavaScript warning: https://cdn.bluebillywig.com/apps/player/20190327.164559/player.js, line 1: unreachable code after return statement
1554054585996	mozrunner::runner	INFO	Running command: "/Applications/Firefox.app/Contents/MacOS/firefox-bin" "-marionette" "-foreground" "-no-remote" "-profile" "/var/folders/wv/nrxdp71d5zj_bwv3bvwqxstw0000gn/T/rust_mozprofile.VwlCBVMHFi6R"
1554054586857	addons.webextension.screenshots@mozilla.org	WARN	Loading extension 'screenshots@mozilla.org': Reading manifest: Invalid extension permission: mozillaAddons
1554054586857	addons.webextension.screenshots@mozilla.org	WARN	Loading extension 'screenshots@mozilla.org': Reading manifest: Invalid extension permission: resource://pdf.js/
1554054586858	addons.webextension.screenshots@mozilla.org	WARN	Loading extension 'screenshots@mozilla.org': Reading manifest: Invalid extension permission: about:reader*
1554054589027	Marionette	INFO	Listening on port 63856
1554054589097	Marionette	WARN	TLS certificate errors will be ignored for this session
JavaScript warning: https://cdn.bluebillywig.com/apps/player/20190327.164559/player.js, line 1: unreachable code after return statement
JavaScript warning: https://cdn.bluebillywig.com/apps/player/20190327.164559/player.js line 285 > eval, line 1: unreachable code after return statement
1554054595862	Marionette	WARN	TimedPromise timed out after 500 ms: stacktrace:
bail@chrome://marionette/content/sync.js:224:64
JavaScript warning: https://cdn.bluebillywig.com/apps/player/20190327.164559/player.js, line 1: unreachable code after return statement
console.error: BroadcastService: 
  receivedBroadcastMessage: handler for
  remote-settings/monitor_changes
  threw error:
  Message: Error: Polling for changes failed: NetworkError when attempting to fetch resource..
  Stack:
    remoteSettingsFunction/remoteSettings.pollChanges@resource://services-settings/remote-settings.js:190:13

console.error: BroadcastService: 
  receivedBroadcastMessage: handler for
  remote-settings/monitor_changes
  threw error:
  Message: Error: Polling for changes failed: NetworkError when attempting to fetch resource..
  Stack:
    remoteSettingsFunction/remoteSettings.pollChanges@resource://services-settings/remote-settings.js:190:13

JavaScript warning: https://cdn.bluebillywig.com/apps/player/20190327.164559/player.js line 285 > eval, line 1: unreachable code after return statement
JavaScript warning: https://cdn.bluebillywig.com/apps/player/20190327.164559/player.js, line 1: unreachable code after return statement
